<?xml version="1.0" encoding="UTF-8"?>
<!-- Generated by org.testng.reporters.JUnitReportReporter -->
<testsuite hostname="nicsi" name="Test1" tests="2" failures="0" timestamp="25 May 2017 16:32:32 GMT" time="0.036" errors="0">
  <testcase name="TestCaseNumber1" time="0.032" classname="Test1"/>
  <testcase name="TestCaseNumber2" time="0.004" classname="Test1"/>
</testsuite> <!-- Test1 -->
