<?xml version="1.0" encoding="UTF-8"?>
<!-- Generated by org.testng.reporters.JUnitReportReporter -->
<testsuite hostname="nicsi" name="Test2" tests="2" failures="0" timestamp="25 May 2017 16:32:32 GMT" time="0.005" errors="0">
  <testcase name="TestCaseNumber1" time="0.001" classname="Test2"/>
  <testcase name="TestCaseNumber2" time="0.004" classname="Test2"/>
</testsuite> <!-- Test2 -->
