<?xml version="1.0" encoding="UTF-8"?>
<!-- Generated by org.testng.reporters.JUnitReportReporter -->
<testsuite hostname="nicsi" name="TestParametrization" tests="2" failures="0" timestamp="25 May 2017 16:32:32 GMT" time="0.004" errors="0">
  <testcase name="TestLogin" time="0.001" classname="TestParametrization"/>
  <testcase name="TestLogin" time="0.003" classname="TestParametrization"/>
</testsuite> <!-- TestParametrization -->
